2025-03-14 09:05:00,964 - DEBUG - Detected product type: phones
2025-03-14 09:05:00,964 - DEBUG - Using original query: find phones with large storage
2025-03-14 09:05:00,964 - DEBUG - Extracted search parameters: {'query': 'find phones with large storage', 'size': 5, 'page': 1, 'filters': {}}
2025-03-14 09:05:00,964 - DEBUG - Extracted search parameters: {'query': 'find phones with large storage', 'size': 5, 'page': 1, 'filters': {}}
2025-03-14 09:05:00,967 - DEBUG - load_ssl_context verify=True cert=None trust_env=True http2=False
2025-03-14 09:05:00,967 - DEBUG - load_verify_locations cafile='/Users/kevin/github/chat_in_a_box/.venv/lib/python3.11/site-packages/certifi/cacert.pem'
2025-03-14 09:05:00,972 - DEBUG - connect_tcp.started host='localhost' port=3000 local_address=None timeout=10.0 socket_options=None
2025-03-14 09:05:00,973 - DEBUG - connect_tcp.complete return_value=<httpcore._backends.anyio.AnyIOStream object at 0x103f02f10>
2025-03-14 09:05:00,973 - DEBUG - send_request_headers.started request=<Request [b'POST']>
2025-03-14 09:05:00,973 - DEBUG - send_request_headers.complete
2025-03-14 09:05:00,973 - DEBUG - send_request_body.started request=<Request [b'POST']>
2025-03-14 09:05:00,973 - DEBUG - send_request_body.complete
2025-03-14 09:05:00,973 - DEBUG - receive_response_headers.started request=<Request [b'POST']>
2025-03-14 09:05:01,036 - DEBUG - receive_response_headers.complete return_value=(b'HTTP/1.1', 200, b'OK', [(b'vary', b'RSC, Next-Router-State-Tree, Next-Router-Prefetch, Next-Router-Segment-Prefetch'), (b'content-type', b'application/json'), (b'Date', b'Fri, 14 Mar 2025 13:05:01 GMT'), (b'Connection', b'keep-alive'), (b'Keep-Alive', b'timeout=5'), (b'Transfer-Encoding', b'chunked')])
2025-03-14 09:05:01,036 - INFO - HTTP Request: POST http://localhost:3000/api/products "HTTP/1.1 200 OK"
2025-03-14 09:05:01,036 - DEBUG - receive_response_body.started request=<Request [b'POST']>
2025-03-14 09:05:01,036 - DEBUG - receive_response_body.complete
2025-03-14 09:05:01,036 - DEBUG - response_closed.started
2025-03-14 09:05:01,036 - DEBUG - response_closed.complete
2025-03-14 09:05:01,037 - DEBUG - API response data structure: {
  "data": {
    "products": [
      {
        "id": "13419",
        "skuId": "13419",
        "baseId": "68",
        "title": "TechPhone Lite - 64GB, 6.5\", Blue",
        "price": 982.39,
        "description": "A budget-friendly smartphone with all the features you need.",
        "stock": 299,
        "releaseYear": 2024,
        "storage": "64GB",
        "screenSize": 6.5,
        "color": "Blue",
        "brand": "Generic",
        "model": "Smartphone",
        "rating": 4.9,
        "reviewCount": 561,
        "cameraMP": "108MP main, 20MP front",
        "batteryMah": 4200,
        "weightG": 196,
        "dimensions": "162.5 x 75.8 x 8.6 mm",
        "os": "Android 12",
        "processor": "MediaTek Dimensity 9000",
        "ram": "4GB",
        "waterResistant": "No",
        "wirelessCharging": "Yes",
        "fastCharging": "Yes",
        "fiveGCompatible": "Yes",
        "category": "Electronics > Smartphones > iOS Phones",
        "tags": "Generic, Smartphone, Blue, 64GB, premium, 5G, fast charging",
        "discountPercentage": 0,
        "originalPrice": 982.39,
        "shippingWeight": "324g",
        "availability": "In Stock",
        "warranty": "2 Year Limited Warranty"
      },
      {
        "id": "13426",
        "skuId": "13426",
        "baseId": "68",
        "title": "TechPhone Lite - 64GB, 6.7\", White",
        "price": 1012.39,
        "description": "A budget-friendly smartphone with all the features you need.",
        "stock": 299,
        "releaseYear": 2024,
        "storage": "64GB",
        "screenSize": 6.7,
        "color": "White",
        "brand": "Generic",
        "model": "Smartphone",
        "rating": 4.9,
        "reviewCount": 424,
        "cameraMP": "108MP main, 20MP front",
        "batteryMah": 5000,
        "weightG": 222,
        "dimensions": "167.5 x 78.2 x 8.7 mm",
        "os": "Android 12",
        "processor": "MediaTek Dimensity 9000",
        "ram": "6GB",
        "waterResistant": "IP67",
        "wirelessCharging": "Yes",
        "fastCharging": "Yes",
        "fiveGCompatible": "Yes",
        "category": "Electronics > Mobile Phones > Smartphones",
        "tags": "Generic, Smartphone, White, 64GB, premium, 5G, fast charging",
        "discountPercentage": 21.2,
        "originalPrice": 1284.76,
        "shippingWeight": "306g",
        "availability": "In Stock",
        "warranty": "1 Year Limited Warranty"
      },
      {
        "id": "13427",
        "skuId": "13427",
        "baseId": "68",
        "title": "TechPhone Lite - 64GB, 6.7\", Blue",
        "price": 1012.39,
        "description": "A budget-friendly smartphone with all the features you need.",
        "stock": 299,
        "releaseYear": 2024,
        "storage": "64GB",
        "screenSize": 6.7,
        "color": "Blue",
        "brand": "Generic",
        "model": "Smartphone",
        "rating": 4.9,
        "reviewCount": 62,
        "cameraMP": "64MP main, 20MP front",
        "batteryMah": 4700,
        "weightG": 209,
        "dimensions": "167.5 x 78.2 x 8.7 mm",
        "os": "Android 12",
        "processor": "Snapdragon 8 Gen 1",
        "ram": "4GB",
        "waterResistant": "No",
        "wirelessCharging": "Yes",
        "fastCharging": "Yes",
        "fiveGCompatible": "Yes",
        "category": "Telecommunications > Mobile Phones",
        "tags": "Generic, Smartphone, Blue, 64GB, premium, 5G, fast charging",
        "discountPercentage": 0,
        "originalPrice": 1012.39,
        "shippingWeight": "328g",
        "availability": "In Stock",
        "warranty": "1 Year Limited Warranty"
      },
      {
        "id": "13429",
        "skuId": "13429",
        "baseId": "68",
        "title": "TechPhone Lite - 64GB, 6.7\", Green",
        "price": 1012.39,
        "description": "A budget-friendly smartphone with all the features you need.",
        "stock": 299,
        "releaseYear": 2024,
        "storage": "64GB",
        "screenSize": 6.7,
        "color": "Green",
        "brand": "Generic",
        "model": "Smartphone",
        "rating": 4.9,
        "reviewCount": 698,
        "cameraMP": "108MP main, 16MP front",
        "batteryMah": 5000,
        "weightG": 218,
        "dimensions": "167.5 x 78.2 x 8.7 mm",
        "os": "Android 12",
        "processor": "MediaTek Dimensity 9000",
        "ram": "4GB",
        "waterResistant": "No",
        "wirelessCharging": "Yes",
        "fastCharging": "Yes",
        "fiveGCompatible": "Yes",
        "category": "Electronics > Smartphones > Android Phones",
        "tags": "Generic, Smartphone, Green, 64GB, premium, 5G, fast charging",
        "discountPercentage": 7.5,
        "originalPrice": 1094.48,
        "shippingWeight": "342g",
        "availability": "In Stock",
        "warranty": "2 Year Limited Warranty"
      },
      {
        "id": "13438",
        "skuId": "13438",
        "baseId": "68",
        "title": "TechPhone Lite - 64GB, 7.1\", Silver",
        "price": 1042.3899999999999,
        "description": "A budget-friendly smartphone with all the features you need.",
        "stock": 299,
        "releaseYear": 2024,
        "storage": "64GB",
        "screenSize": 7.1,
        "color": "Silver",
        "brand": "Generic",
        "model": "Smartphone",
        "rating": 4.9,
        "reviewCount": 737,
        "cameraMP": "64MP main, 20MP front",
        "batteryMah": 5000,
        "weightG": 228,
        "dimensions": "177.5 x 82.8 x 8.8 mm",
        "os": "Android 12",
        "processor": "MediaTek Dimensity 9000",
        "ram": "4GB",
        "waterResistant": "No",
        "wirelessCharging": "Yes",
        "fastCharging": "Yes",
        "fiveGCompatible": "Yes",
        "category": "Electronics > Smartphones > iOS Phones",
        "tags": "Generic, Smartphone, Silver, 64GB, premium, 5G, fast charging",
        "discountPercentage": 0,
        "originalPrice": 1042.3899999999999,
        "shippingWeight": "350g",
        "availability": "In Stock",
        "warranty": "2 Year Limited Warranty"
      }
    ],
    "total": 10000
  },
  "success": true
}
2025-03-14 09:05:01,037 - DEBUG - Found 5 products out of 10000 total
2025-03-14 09:05:01,037 - DEBUG - Products found: [{'id': '13419', 'title': 'TechPhone Lite - 64GB, 6.5", Blue', 'price': 982.39, 'description': 'A budget-friendly smartphone with all the features you need.', 'stock': 299, 'storage': '64GB', 'color': 'Blue', 'brand': 'Generic', 'model': 'Smartphone', 'rating': 4.9, 'dimensions': '162.5 x 75.8 x 8.6 mm', 'os': 'Android 12', 'processor': 'MediaTek Dimensity 9000', 'ram': '4GB', 'category': 'Electronics > Smartphones > iOS Phones', 'tags': 'Generic, Smartphone, Blue, 64GB, premium, 5G, fast charging', 'availability': 'In Stock', 'warranty': '2 Year Limited Warranty'}, {'id': '13426', 'title': 'TechPhone Lite - 64GB, 6.7", White', 'price': 1012.39, 'description': 'A budget-friendly smartphone with all the features you need.', 'stock': 299, 'storage': '64GB', 'color': 'White', 'brand': 'Generic', 'model': 'Smartphone', 'rating': 4.9, 'dimensions': '167.5 x 78.2 x 8.7 mm', 'os': 'Android 12', 'processor': 'MediaTek Dimensity 9000', 'ram': '6GB', 'category': 'Electronics > Mobile Phones > Smartphones', 'tags': 'Generic, Smartphone, White, 64GB, premium, 5G, fast charging', 'availability': 'In Stock', 'warranty': '1 Year Limited Warranty'}, {'id': '13427', 'title': 'TechPhone Lite - 64GB, 6.7", Blue', 'price': 1012.39, 'description': 'A budget-friendly smartphone with all the features you need.', 'stock': 299, 'storage': '64GB', 'color': 'Blue', 'brand': 'Generic', 'model': 'Smartphone', 'rating': 4.9, 'dimensions': '167.5 x 78.2 x 8.7 mm', 'os': 'Android 12', 'processor': 'Snapdragon 8 Gen 1', 'ram': '4GB', 'category': 'Telecommunications > Mobile Phones', 'tags': 'Generic, Smartphone, Blue, 64GB, premium, 5G, fast charging', 'availability': 'In Stock', 'warranty': '1 Year Limited Warranty'}, {'id': '13429', 'title': 'TechPhone Lite - 64GB, 6.7", Green', 'price': 1012.39, 'description': 'A budget-friendly smartphone with all the features you need.', 'stock': 299, 'storage': '64GB', 'color': 'Green', 'brand': 'Generic', 'model': 'Smartphone', 'rating': 4.9, 'dimensions': '167.5 x 78.2 x 8.7 mm', 'os': 'Android 12', 'processor': 'MediaTek Dimensity 9000', 'ram': '4GB', 'category': 'Electronics > Smartphones > Android Phones', 'tags': 'Generic, Smartphone, Green, 64GB, premium, 5G, fast charging', 'availability': 'In Stock', 'warranty': '2 Year Limited Warranty'}, {'id': '13438', 'title': 'TechPhone Lite - 64GB, 7.1", Silver', 'price': 1042.3899999999999, 'description': 'A budget-friendly smartphone with all the features you need.', 'stock': 299, 'storage': '64GB', 'color': 'Silver', 'brand': 'Generic', 'model': 'Smartphone', 'rating': 4.9, 'dimensions': '177.5 x 82.8 x 8.8 mm', 'os': 'Android 12', 'processor': 'MediaTek Dimensity 9000', 'ram': '4GB', 'category': 'Electronics > Smartphones > iOS Phones', 'tags': 'Generic, Smartphone, Silver, 64GB, premium, 5G, fast charging', 'availability': 'In Stock', 'warranty': '2 Year Limited Warranty'}]
2025-03-14 09:05:01,037 - DEBUG - close.started
2025-03-14 09:05:01,037 - DEBUG - close.complete
2025-03-14 09:10:18,890 - DEBUG - Detected product type: phones
2025-03-14 09:10:18,890 - DEBUG - Using original query: find phones with large storage
2025-03-14 09:10:18,890 - DEBUG - Extracted search parameters: {'query': 'find phones with large storage', 'size': 5, 'page': 1, 'filters': {}}
2025-03-14 09:10:18,890 - DEBUG - Extracted search parameters: {'query': 'find phones with large storage', 'size': 5, 'page': 1, 'filters': {}}
2025-03-14 09:10:18,894 - DEBUG - load_ssl_context verify=True cert=None trust_env=True http2=False
2025-03-14 09:10:18,894 - DEBUG - load_verify_locations cafile='/Users/kevin/github/chat_in_a_box/.venv/lib/python3.11/site-packages/certifi/cacert.pem'
2025-03-14 09:10:18,900 - DEBUG - connect_tcp.started host='localhost' port=3000 local_address=None timeout=10.0 socket_options=None
2025-03-14 09:10:18,901 - DEBUG - connect_tcp.complete return_value=<httpcore._backends.anyio.AnyIOStream object at 0x107f17010>
2025-03-14 09:10:18,901 - DEBUG - send_request_headers.started request=<Request [b'POST']>
2025-03-14 09:10:18,901 - DEBUG - send_request_headers.complete
2025-03-14 09:10:18,901 - DEBUG - send_request_body.started request=<Request [b'POST']>
2025-03-14 09:10:18,901 - DEBUG - send_request_body.complete
2025-03-14 09:10:18,902 - DEBUG - receive_response_headers.started request=<Request [b'POST']>
2025-03-14 09:10:19,088 - DEBUG - receive_response_headers.complete return_value=(b'HTTP/1.1', 200, b'OK', [(b'vary', b'RSC, Next-Router-State-Tree, Next-Router-Prefetch, Next-Router-Segment-Prefetch'), (b'content-type', b'application/json'), (b'Date', b'Fri, 14 Mar 2025 13:10:19 GMT'), (b'Connection', b'keep-alive'), (b'Keep-Alive', b'timeout=5'), (b'Transfer-Encoding', b'chunked')])
2025-03-14 09:10:19,088 - INFO - HTTP Request: POST http://localhost:3000/api/products "HTTP/1.1 200 OK"
2025-03-14 09:10:19,088 - DEBUG - receive_response_body.started request=<Request [b'POST']>
2025-03-14 09:10:19,088 - DEBUG - receive_response_body.complete
2025-03-14 09:10:19,088 - DEBUG - response_closed.started
2025-03-14 09:10:19,088 - DEBUG - response_closed.complete
2025-03-14 09:10:19,089 - DEBUG - API response data structure: {
  "data": {
    "products": [
      {
        "id": "13419",
        "skuId": "13419",
        "baseId": "68",
        "title": "TechPhone Lite - 64GB, 6.5\", Blue",
        "price": 982.39,
        "description": "A budget-friendly smartphone with all the features you need.",
        "stock": 299,
        "releaseYear": 2024,
        "storage": "64GB",
        "screenSize": 6.5,
        "color": "Blue",
        "brand": "Generic",
        "model": "Smartphone",
        "rating": 4.9,
        "reviewCount": 561,
        "cameraMP": "108MP main, 20MP front",
        "batteryMah": 4200,
        "weightG": 196,
        "dimensions": "162.5 x 75.8 x 8.6 mm",
        "os": "Android 12",
        "processor": "MediaTek Dimensity 9000",
        "ram": "4GB",
        "waterResistant": "No",
        "wirelessCharging": "Yes",
        "fastCharging": "Yes",
        "fiveGCompatible": "Yes",
        "category": "Electronics > Smartphones > iOS Phones",
        "tags": "Generic, Smartphone, Blue, 64GB, premium, 5G, fast charging",
        "discountPercentage": 0,
        "originalPrice": 982.39,
        "shippingWeight": "324g",
        "availability": "In Stock",
        "warranty": "2 Year Limited Warranty"
      },
      {
        "id": "13426",
        "skuId": "13426",
        "baseId": "68",
        "title": "TechPhone Lite - 64GB, 6.7\", White",
        "price": 1012.39,
        "description": "A budget-friendly smartphone with all the features you need.",
        "stock": 299,
        "releaseYear": 2024,
        "storage": "64GB",
        "screenSize": 6.7,
        "color": "White",
        "brand": "Generic",
        "model": "Smartphone",
        "rating": 4.9,
        "reviewCount": 424,
        "cameraMP": "108MP main, 20MP front",
        "batteryMah": 5000,
        "weightG": 222,
        "dimensions": "167.5 x 78.2 x 8.7 mm",
        "os": "Android 12",
        "processor": "MediaTek Dimensity 9000",
        "ram": "6GB",
        "waterResistant": "IP67",
        "wirelessCharging": "Yes",
        "fastCharging": "Yes",
        "fiveGCompatible": "Yes",
        "category": "Electronics > Mobile Phones > Smartphones",
        "tags": "Generic, Smartphone, White, 64GB, premium, 5G, fast charging",
        "discountPercentage": 21.2,
        "originalPrice": 1284.76,
        "shippingWeight": "306g",
        "availability": "In Stock",
        "warranty": "1 Year Limited Warranty"
      },
      {
        "id": "13427",
        "skuId": "13427",
        "baseId": "68",
        "title": "TechPhone Lite - 64GB, 6.7\", Blue",
        "price": 1012.39,
        "description": "A budget-friendly smartphone with all the features you need.",
        "stock": 299,
        "releaseYear": 2024,
        "storage": "64GB",
        "screenSize": 6.7,
        "color": "Blue",
        "brand": "Generic",
        "model": "Smartphone",
        "rating": 4.9,
        "reviewCount": 62,
        "cameraMP": "64MP main, 20MP front",
        "batteryMah": 4700,
        "weightG": 209,
        "dimensions": "167.5 x 78.2 x 8.7 mm",
        "os": "Android 12",
        "processor": "Snapdragon 8 Gen 1",
        "ram": "4GB",
        "waterResistant": "No",
        "wirelessCharging": "Yes",
        "fastCharging": "Yes",
        "fiveGCompatible": "Yes",
        "category": "Telecommunications > Mobile Phones",
        "tags": "Generic, Smartphone, Blue, 64GB, premium, 5G, fast charging",
        "discountPercentage": 0,
        "originalPrice": 1012.39,
        "shippingWeight": "328g",
        "availability": "In Stock",
        "warranty": "1 Year Limited Warranty"
      },
      {
        "id": "13429",
        "skuId": "13429",
        "baseId": "68",
        "title": "TechPhone Lite - 64GB, 6.7\", Green",
        "price": 1012.39,
        "description": "A budget-friendly smartphone with all the features you need.",
        "stock": 299,
        "releaseYear": 2024,
        "storage": "64GB",
        "screenSize": 6.7,
        "color": "Green",
        "brand": "Generic",
        "model": "Smartphone",
        "rating": 4.9,
        "reviewCount": 698,
        "cameraMP": "108MP main, 16MP front",
        "batteryMah": 5000,
        "weightG": 218,
        "dimensions": "167.5 x 78.2 x 8.7 mm",
        "os": "Android 12",
        "processor": "MediaTek Dimensity 9000",
        "ram": "4GB",
        "waterResistant": "No",
        "wirelessCharging": "Yes",
        "fastCharging": "Yes",
        "fiveGCompatible": "Yes",
        "category": "Electronics > Smartphones > Android Phones",
        "tags": "Generic, Smartphone, Green, 64GB, premium, 5G, fast charging",
        "discountPercentage": 7.5,
        "originalPrice": 1094.48,
        "shippingWeight": "342g",
        "availability": "In Stock",
        "warranty": "2 Year Limited Warranty"
      },
      {
        "id": "13438",
        "skuId": "13438",
        "baseId": "68",
        "title": "TechPhone Lite - 64GB, 7.1\", Silver",
        "price": 1042.3899999999999,
        "description": "A budget-friendly smartphone with all the features you need.",
        "stock": 299,
        "releaseYear": 2024,
        "storage": "64GB",
        "screenSize": 7.1,
        "color": "Silver",
        "brand": "Generic",
        "model": "Smartphone",
        "rating": 4.9,
        "reviewCount": 737,
        "cameraMP": "64MP main, 20MP front",
        "batteryMah": 5000,
        "weightG": 228,
        "dimensions": "177.5 x 82.8 x 8.8 mm",
        "os": "Android 12",
        "processor": "MediaTek Dimensity 9000",
        "ram": "4GB",
        "waterResistant": "No",
        "wirelessCharging": "Yes",
        "fastCharging": "Yes",
        "fiveGCompatible": "Yes",
        "category": "Electronics > Smartphones > iOS Phones",
        "tags": "Generic, Smartphone, Silver, 64GB, premium, 5G, fast charging",
        "discountPercentage": 0,
        "originalPrice": 1042.3899999999999,
        "shippingWeight": "350g",
        "availability": "In Stock",
        "warranty": "2 Year Limited Warranty"
      }
    ],
    "total": 10000
  },
  "success": true
}
2025-03-14 09:10:19,089 - DEBUG - Found 5 products out of 10000 total
2025-03-14 09:10:19,089 - DEBUG - Products found: [{'id': '13419', 'title': 'TechPhone Lite - 64GB, 6.5", Blue', 'price': 982.39, 'description': 'A budget-friendly smartphone with all the features you need.', 'stock': 299, 'storage': '64GB', 'color': 'Blue', 'brand': 'Generic', 'model': 'Smartphone', 'rating': 4.9, 'dimensions': '162.5 x 75.8 x 8.6 mm', 'os': 'Android 12', 'processor': 'MediaTek Dimensity 9000', 'ram': '4GB', 'category': 'Electronics > Smartphones > iOS Phones', 'tags': 'Generic, Smartphone, Blue, 64GB, premium, 5G, fast charging', 'availability': 'In Stock', 'warranty': '2 Year Limited Warranty'}, {'id': '13426', 'title': 'TechPhone Lite - 64GB, 6.7", White', 'price': 1012.39, 'description': 'A budget-friendly smartphone with all the features you need.', 'stock': 299, 'storage': '64GB', 'color': 'White', 'brand': 'Generic', 'model': 'Smartphone', 'rating': 4.9, 'dimensions': '167.5 x 78.2 x 8.7 mm', 'os': 'Android 12', 'processor': 'MediaTek Dimensity 9000', 'ram': '6GB', 'category': 'Electronics > Mobile Phones > Smartphones', 'tags': 'Generic, Smartphone, White, 64GB, premium, 5G, fast charging', 'availability': 'In Stock', 'warranty': '1 Year Limited Warranty'}, {'id': '13427', 'title': 'TechPhone Lite - 64GB, 6.7", Blue', 'price': 1012.39, 'description': 'A budget-friendly smartphone with all the features you need.', 'stock': 299, 'storage': '64GB', 'color': 'Blue', 'brand': 'Generic', 'model': 'Smartphone', 'rating': 4.9, 'dimensions': '167.5 x 78.2 x 8.7 mm', 'os': 'Android 12', 'processor': 'Snapdragon 8 Gen 1', 'ram': '4GB', 'category': 'Telecommunications > Mobile Phones', 'tags': 'Generic, Smartphone, Blue, 64GB, premium, 5G, fast charging', 'availability': 'In Stock', 'warranty': '1 Year Limited Warranty'}, {'id': '13429', 'title': 'TechPhone Lite - 64GB, 6.7", Green', 'price': 1012.39, 'description': 'A budget-friendly smartphone with all the features you need.', 'stock': 299, 'storage': '64GB', 'color': 'Green', 'brand': 'Generic', 'model': 'Smartphone', 'rating': 4.9, 'dimensions': '167.5 x 78.2 x 8.7 mm', 'os': 'Android 12', 'processor': 'MediaTek Dimensity 9000', 'ram': '4GB', 'category': 'Electronics > Smartphones > Android Phones', 'tags': 'Generic, Smartphone, Green, 64GB, premium, 5G, fast charging', 'availability': 'In Stock', 'warranty': '2 Year Limited Warranty'}, {'id': '13438', 'title': 'TechPhone Lite - 64GB, 7.1", Silver', 'price': 1042.3899999999999, 'description': 'A budget-friendly smartphone with all the features you need.', 'stock': 299, 'storage': '64GB', 'color': 'Silver', 'brand': 'Generic', 'model': 'Smartphone', 'rating': 4.9, 'dimensions': '177.5 x 82.8 x 8.8 mm', 'os': 'Android 12', 'processor': 'MediaTek Dimensity 9000', 'ram': '4GB', 'category': 'Electronics > Smartphones > iOS Phones', 'tags': 'Generic, Smartphone, Silver, 64GB, premium, 5G, fast charging', 'availability': 'In Stock', 'warranty': '2 Year Limited Warranty'}]
2025-03-14 09:10:19,089 - DEBUG - close.started
2025-03-14 09:10:19,089 - DEBUG - close.complete
2025-03-14 09:11:31,369 - DEBUG - Detected product type: phones
2025-03-14 09:11:31,369 - DEBUG - Detected color: blue (mapped to Blue)
2025-03-14 09:11:31,369 - DEBUG - Detected storage: 64GB
2025-03-14 09:11:31,369 - DEBUG - Detected max price: $400
2025-03-14 09:11:31,369 - DEBUG - Using product type as query: phones
2025-03-14 09:11:31,369 - DEBUG - Extracted search parameters: {'query': 'phones', 'size': 5, 'page': 1, 'filters': {'color': 'Blue', 'storage': '64GB', 'max_price': 400}}
2025-03-14 09:11:31,369 - DEBUG - Extracted search parameters: {'query': 'phones', 'size': 5, 'page': 1, 'filters': {'color': 'Blue', 'storage': '64GB', 'max_price': 400}}
2025-03-14 09:11:31,372 - DEBUG - load_ssl_context verify=True cert=None trust_env=True http2=False
2025-03-14 09:11:31,372 - DEBUG - load_verify_locations cafile='/Users/kevin/github/chat_in_a_box/.venv/lib/python3.11/site-packages/certifi/cacert.pem'
2025-03-14 09:11:31,377 - DEBUG - connect_tcp.started host='localhost' port=3000 local_address=None timeout=10.0 socket_options=None
2025-03-14 09:11:31,378 - DEBUG - connect_tcp.complete return_value=<httpcore._backends.anyio.AnyIOStream object at 0x113448950>
2025-03-14 09:11:31,378 - DEBUG - send_request_headers.started request=<Request [b'POST']>
2025-03-14 09:11:31,379 - DEBUG - send_request_headers.complete
2025-03-14 09:11:31,379 - DEBUG - send_request_body.started request=<Request [b'POST']>
2025-03-14 09:11:31,379 - DEBUG - send_request_body.complete
2025-03-14 09:11:31,379 - DEBUG - receive_response_headers.started request=<Request [b'POST']>
2025-03-14 09:11:31,390 - DEBUG - receive_response_headers.complete return_value=(b'HTTP/1.1', 200, b'OK', [(b'vary', b'RSC, Next-Router-State-Tree, Next-Router-Prefetch, Next-Router-Segment-Prefetch'), (b'content-type', b'application/json'), (b'Date', b'Fri, 14 Mar 2025 13:11:31 GMT'), (b'Connection', b'keep-alive'), (b'Keep-Alive', b'timeout=5'), (b'Transfer-Encoding', b'chunked')])
2025-03-14 09:11:31,390 - INFO - HTTP Request: POST http://localhost:3000/api/products "HTTP/1.1 200 OK"
2025-03-14 09:11:31,390 - DEBUG - receive_response_body.started request=<Request [b'POST']>
2025-03-14 09:11:31,390 - DEBUG - receive_response_body.complete
2025-03-14 09:11:31,390 - DEBUG - response_closed.started
2025-03-14 09:11:31,390 - DEBUG - response_closed.complete
2025-03-14 09:11:31,390 - DEBUG - API response data structure: {
  "data": {
    "products": [],
    "total": 0
  },
  "success": true
}
2025-03-14 09:11:31,390 - DEBUG - Found 0 products out of 0 total
2025-03-14 09:11:31,390 - DEBUG - Products found: []
2025-03-14 09:11:31,390 - DEBUG - close.started
2025-03-14 09:11:31,390 - DEBUG - close.complete
2025-03-14 09:11:41,770 - DEBUG - Detected product type: phones
2025-03-14 09:11:41,770 - DEBUG - Detected storage: 64GB
2025-03-14 09:11:41,771 - DEBUG - Detected max price: $400
2025-03-14 09:11:41,771 - DEBUG - Using product type as query: phones
2025-03-14 09:11:41,771 - DEBUG - Extracted search parameters: {'query': 'phones', 'size': 5, 'page': 1, 'filters': {'storage': '64GB', 'max_price': 400}}
2025-03-14 09:11:41,771 - DEBUG - Extracted search parameters: {'query': 'phones', 'size': 5, 'page': 1, 'filters': {'storage': '64GB', 'max_price': 400}}
2025-03-14 09:11:41,774 - DEBUG - load_ssl_context verify=True cert=None trust_env=True http2=False
2025-03-14 09:11:41,774 - DEBUG - load_verify_locations cafile='/Users/kevin/github/chat_in_a_box/.venv/lib/python3.11/site-packages/certifi/cacert.pem'
2025-03-14 09:11:41,779 - DEBUG - connect_tcp.started host='localhost' port=3000 local_address=None timeout=10.0 socket_options=None
2025-03-14 09:11:41,780 - DEBUG - connect_tcp.complete return_value=<httpcore._backends.anyio.AnyIOStream object at 0x112716e90>
2025-03-14 09:11:41,780 - DEBUG - send_request_headers.started request=<Request [b'POST']>
2025-03-14 09:11:41,780 - DEBUG - send_request_headers.complete
2025-03-14 09:11:41,780 - DEBUG - send_request_body.started request=<Request [b'POST']>
2025-03-14 09:11:41,780 - DEBUG - send_request_body.complete
2025-03-14 09:11:41,780 - DEBUG - receive_response_headers.started request=<Request [b'POST']>
2025-03-14 09:11:41,789 - DEBUG - receive_response_headers.complete return_value=(b'HTTP/1.1', 200, b'OK', [(b'vary', b'RSC, Next-Router-State-Tree, Next-Router-Prefetch, Next-Router-Segment-Prefetch'), (b'content-type', b'application/json'), (b'Date', b'Fri, 14 Mar 2025 13:11:41 GMT'), (b'Connection', b'keep-alive'), (b'Keep-Alive', b'timeout=5'), (b'Transfer-Encoding', b'chunked')])
2025-03-14 09:11:41,789 - INFO - HTTP Request: POST http://localhost:3000/api/products "HTTP/1.1 200 OK"
2025-03-14 09:11:41,789 - DEBUG - receive_response_body.started request=<Request [b'POST']>
2025-03-14 09:11:41,789 - DEBUG - receive_response_body.complete
2025-03-14 09:11:41,789 - DEBUG - response_closed.started
2025-03-14 09:11:41,789 - DEBUG - response_closed.complete
2025-03-14 09:11:41,789 - DEBUG - API response data structure: {
  "data": {
    "products": [],
    "total": 0
  },
  "success": true
}
2025-03-14 09:11:41,789 - DEBUG - Found 0 products out of 0 total
2025-03-14 09:11:41,790 - DEBUG - Products found: []
2025-03-14 09:11:41,790 - DEBUG - close.started
2025-03-14 09:11:41,790 - DEBUG - close.complete
2025-03-14 09:11:56,174 - DEBUG - Detected product type: phones
2025-03-14 09:11:56,174 - DEBUG - Detected storage: 64GB
2025-03-14 09:11:56,174 - DEBUG - Using product type as query: phones
2025-03-14 09:11:56,174 - DEBUG - Extracted search parameters: {'query': 'phones', 'size': 5, 'page': 1, 'filters': {'storage': '64GB'}}
2025-03-14 09:11:56,174 - DEBUG - Extracted search parameters: {'query': 'phones', 'size': 5, 'page': 1, 'filters': {'storage': '64GB'}}
2025-03-14 09:11:56,177 - DEBUG - load_ssl_context verify=True cert=None trust_env=True http2=False
2025-03-14 09:11:56,177 - DEBUG - load_verify_locations cafile='/Users/kevin/github/chat_in_a_box/.venv/lib/python3.11/site-packages/certifi/cacert.pem'
2025-03-14 09:11:56,182 - DEBUG - connect_tcp.started host='localhost' port=3000 local_address=None timeout=10.0 socket_options=None
2025-03-14 09:11:56,184 - DEBUG - connect_tcp.complete return_value=<httpcore._backends.anyio.AnyIOStream object at 0x10d916dd0>
2025-03-14 09:11:56,184 - DEBUG - send_request_headers.started request=<Request [b'POST']>
2025-03-14 09:11:56,184 - DEBUG - send_request_headers.complete
2025-03-14 09:11:56,184 - DEBUG - send_request_body.started request=<Request [b'POST']>
2025-03-14 09:11:56,184 - DEBUG - send_request_body.complete
2025-03-14 09:11:56,184 - DEBUG - receive_response_headers.started request=<Request [b'POST']>
2025-03-14 09:11:56,193 - DEBUG - receive_response_headers.complete return_value=(b'HTTP/1.1', 200, b'OK', [(b'vary', b'RSC, Next-Router-State-Tree, Next-Router-Prefetch, Next-Router-Segment-Prefetch'), (b'content-type', b'application/json'), (b'Date', b'Fri, 14 Mar 2025 13:11:56 GMT'), (b'Connection', b'keep-alive'), (b'Keep-Alive', b'timeout=5'), (b'Transfer-Encoding', b'chunked')])
2025-03-14 09:11:56,193 - INFO - HTTP Request: POST http://localhost:3000/api/products "HTTP/1.1 200 OK"
2025-03-14 09:11:56,193 - DEBUG - receive_response_body.started request=<Request [b'POST']>
2025-03-14 09:11:56,193 - DEBUG - receive_response_body.complete
2025-03-14 09:11:56,193 - DEBUG - response_closed.started
2025-03-14 09:11:56,193 - DEBUG - response_closed.complete
2025-03-14 09:11:56,193 - DEBUG - API response data structure: {
  "data": {
    "products": [],
    "total": 0
  },
  "success": true
}
2025-03-14 09:11:56,193 - DEBUG - Found 0 products out of 0 total
2025-03-14 09:11:56,193 - DEBUG - Products found: []
2025-03-14 09:11:56,193 - DEBUG - close.started
2025-03-14 09:11:56,193 - DEBUG - close.complete
2025-03-14 09:12:03,600 - DEBUG - Detected product type: phones
2025-03-14 09:12:03,600 - DEBUG - Detected max price: $400
2025-03-14 09:12:03,600 - DEBUG - Using product type as query: phones
2025-03-14 09:12:03,600 - DEBUG - Extracted search parameters: {'query': 'phones', 'size': 5, 'page': 1, 'filters': {'max_price': 400}}
2025-03-14 09:12:03,600 - DEBUG - Extracted search parameters: {'query': 'phones', 'size': 5, 'page': 1, 'filters': {'max_price': 400}}
2025-03-14 09:12:03,603 - DEBUG - load_ssl_context verify=True cert=None trust_env=True http2=False
2025-03-14 09:12:03,603 - DEBUG - load_verify_locations cafile='/Users/kevin/github/chat_in_a_box/.venv/lib/python3.11/site-packages/certifi/cacert.pem'
2025-03-14 09:12:03,608 - DEBUG - connect_tcp.started host='localhost' port=3000 local_address=None timeout=10.0 socket_options=None
2025-03-14 09:12:03,609 - DEBUG - connect_tcp.complete return_value=<httpcore._backends.anyio.AnyIOStream object at 0x104517450>
2025-03-14 09:12:03,609 - DEBUG - send_request_headers.started request=<Request [b'POST']>
2025-03-14 09:12:03,609 - DEBUG - send_request_headers.complete
2025-03-14 09:12:03,609 - DEBUG - send_request_body.started request=<Request [b'POST']>
2025-03-14 09:12:03,609 - DEBUG - send_request_body.complete
2025-03-14 09:12:03,609 - DEBUG - receive_response_headers.started request=<Request [b'POST']>
2025-03-14 09:12:03,622 - DEBUG - receive_response_headers.complete return_value=(b'HTTP/1.1', 200, b'OK', [(b'vary', b'RSC, Next-Router-State-Tree, Next-Router-Prefetch, Next-Router-Segment-Prefetch'), (b'content-type', b'application/json'), (b'Date', b'Fri, 14 Mar 2025 13:12:03 GMT'), (b'Connection', b'keep-alive'), (b'Keep-Alive', b'timeout=5'), (b'Transfer-Encoding', b'chunked')])
2025-03-14 09:12:03,623 - INFO - HTTP Request: POST http://localhost:3000/api/products "HTTP/1.1 200 OK"
2025-03-14 09:12:03,623 - DEBUG - receive_response_body.started request=<Request [b'POST']>
2025-03-14 09:12:03,623 - DEBUG - receive_response_body.complete
2025-03-14 09:12:03,623 - DEBUG - response_closed.started
2025-03-14 09:12:03,623 - DEBUG - response_closed.complete
2025-03-14 09:12:03,623 - DEBUG - API response data structure: {
  "data": {
    "products": [
      {
        "id": "6001",
        "skuId": "6001",
        "baseId": "31",
        "title": "SmartCom Quantum - 64GB, 5.8\", Black",
        "price": 245.55,
        "description": "An ultra-slim smartphone with an impressive camera and long battery life.",
        "stock": 91,
        "releaseYear": 2020,
        "storage": "64GB",
        "screenSize": 5.8,
        "color": "Black",
        "brand": "Generic",
        "model": "Smartphone",
        "rating": 3.3,
        "reviewCount": 110,
        "cameraMP": "16MP main, 10MP front",
        "batteryMah": 3200,
        "weightG": 162,
        "dimensions": "145.0 x 67.7 x 8.4 mm",
        "os": "Android 11",
        "processor": "MediaTek Helio P35",
        "ram": "6GB",
        "waterResistant": "No",
        "wirelessCharging": "No",
        "fastCharging": "No",
        "fiveGCompatible": "No",
        "category": "Electronics > Mobile Phones > Smartphones",
        "tags": "Generic, Smartphone, Black, 64GB, budget",
        "discountPercentage": 19.8,
        "originalPrice": 306.17,
        "shippingWeight": "215g",
        "availability": "In Stock",
        "warranty": "2 Year Limited Warranty"
      },
      {
        "id": "6002",
        "skuId": "6002",
        "baseId": "31",
        "title": "SmartCom Quantum - 64GB, 5.8\", White",
        "price": 245.55,
        "description": "An ultra-slim smartphone with an impressive camera and long battery life.",
        "stock": 91,
        "releaseYear": 2020,
        "storage": "64GB",
        "screenSize": 5.8,
        "color": "White",
        "brand": "Generic",
        "model": "Smartphone",
        "rating": 3.4,
        "reviewCount": 81,
        "cameraMP": "16MP main, 10MP front",
        "batteryMah": 3200,
        "weightG": 163,
        "dimensions": "145.0 x 67.7 x 8.4 mm",
        "os": "Android 11",
        "processor": "Exynos 850",
        "ram": "4GB",
        "waterResistant": "No",
        "wirelessCharging": "No",
        "fastCharging": "No",
        "fiveGCompatible": "No",
        "category": "Electronics > Mobile Phones > Smartphones",
        "tags": "Generic, Smartphone, White, 64GB, budget",
        "discountPercentage": 18.4,
        "originalPrice": 300.92,
        "shippingWeight": "240g",
        "availability": "In Stock",
        "warranty": "2 Year Limited Warranty"
      },
      {
        "id": "6003",
        "skuId": "6003",
        "baseId": "31",
        "title": "SmartCom Quantum - 64GB, 5.8\", Blue",
        "price": 245.55,
        "description": "An ultra-slim smartphone with an impressive camera and long battery life.",
        "stock": 91,
        "releaseYear": 2020,
        "storage": "64GB",
        "screenSize": 5.8,
        "color": "Blue",
        "brand": "Generic",
        "model": "Smartphone",
        "rating": 3.8,
        "reviewCount": 161,
        "cameraMP": "12MP main, 10MP front",
        "batteryMah": 3000,
        "weightG": 158,
        "dimensions": "145.0 x 67.7 x 8.4 mm",
        "os": "Android 12",
        "processor": "Snapdragon 480",
        "ram": "4GB",
        "waterResistant": "No",
        "wirelessCharging": "No",
        "fastCharging": "Yes",
        "fiveGCompatible": "No",
        "category": "Mobile Devices > Smartphones",
        "tags": "Generic, Smartphone, Blue, 64GB, budget, fast charging",
        "discountPercentage": 0,
        "originalPrice": 245.55,
        "shippingWeight": "281g",
        "availability": "In Stock",
        "warranty": "2 Year Limited Warranty"
      },
      {
        "id": "6004",
        "skuId": "6004",
        "baseId": "31",
        "title": "SmartCom Quantum - 64GB, 5.8\", Red",
        "price": 245.55,
        "description": "An ultra-slim smartphone with an impressive camera and long battery life.",
        "stock": 91,
        "releaseYear": 2020,
        "storage": "64GB",
        "screenSize": 5.8,
        "color": "Red",
        "brand": "Generic",
        "model": "Smartphone",
        "rating": 3.3,
        "reviewCount": 109,
        "cameraMP": "20MP main, 10MP front",
        "batteryMah": 3200,
        "weightG": 156,
        "dimensions": "145.0 x 67.7 x 8.4 mm",
        "os": "Android 12",
        "processor": "Exynos 850",
        "ram": "6GB",
        "waterResistant": "No",
        "wirelessCharging": "No",
        "fastCharging": "Yes",
        "fiveGCompatible": "No",
        "category": "Electronics > Smartphones > Android Phones",
        "tags": "Generic, Smartphone, Red, 64GB, budget, fast charging",
        "discountPercentage": 0,
        "originalPrice": 245.55,
        "shippingWeight": "258g",
        "availability": "In Stock",
        "warranty": "1 Year Limited Warranty"
      },
      {
        "id": "6005",
        "skuId": "6005",
        "baseId": "31",
        "title": "SmartCom Quantum - 64GB, 5.8\", Green",
        "price": 245.55,
        "description": "An ultra-slim smartphone with an impressive camera and long battery life.",
        "stock": 91,
        "releaseYear": 2020,
        "storage": "64GB",
        "screenSize": 5.8,
        "color": "Green",
        "brand": "Generic",
        "model": "Smartphone",
        "rating": 3.5,
        "reviewCount": 37,
        "cameraMP": "12MP main, 10MP front",
        "batteryMah": 3500,
        "weightG": 171,
        "dimensions": "145.0 x 67.7 x 8.4 mm",
        "os": "Android 12",
        "processor": "Exynos 850",
        "ram": "6GB",
        "waterResistant": "No",
        "wirelessCharging": "No",
        "fastCharging": "Yes",
        "fiveGCompatible": "No",
        "category": "Electronics > Mobile Phones > Smartphones",
        "tags": "Generic, Smartphone, Green, 64GB, budget, fast charging",
        "discountPercentage": 21.2,
        "originalPrice": 311.61,
        "shippingWeight": "279g",
        "availability": "In Stock",
        "warranty": "2 Year Limited Warranty"
      }
    ],
    "total": 10000
  },
  "success": true
}
2025-03-14 09:12:03,623 - DEBUG - Found 5 products out of 10000 total
2025-03-14 09:12:03,623 - DEBUG - Products found: [{'id': '6001', 'title': 'SmartCom Quantum - 64GB, 5.8", Black', 'price': 245.55, 'description': 'An ultra-slim smartphone with an impressive camera and long battery life.', 'stock': 91, 'storage': '64GB', 'color': 'Black', 'brand': 'Generic', 'model': 'Smartphone', 'rating': 3.3, 'dimensions': '145.0 x 67.7 x 8.4 mm', 'os': 'Android 11', 'processor': 'MediaTek Helio P35', 'ram': '6GB', 'category': 'Electronics > Mobile Phones > Smartphones', 'tags': 'Generic, Smartphone, Black, 64GB, budget', 'availability': 'In Stock', 'warranty': '2 Year Limited Warranty'}, {'id': '6002', 'title': 'SmartCom Quantum - 64GB, 5.8", White', 'price': 245.55, 'description': 'An ultra-slim smartphone with an impressive camera and long battery life.', 'stock': 91, 'storage': '64GB', 'color': 'White', 'brand': 'Generic', 'model': 'Smartphone', 'rating': 3.4, 'dimensions': '145.0 x 67.7 x 8.4 mm', 'os': 'Android 11', 'processor': 'Exynos 850', 'ram': '4GB', 'category': 'Electronics > Mobile Phones > Smartphones', 'tags': 'Generic, Smartphone, White, 64GB, budget', 'availability': 'In Stock', 'warranty': '2 Year Limited Warranty'}, {'id': '6003', 'title': 'SmartCom Quantum - 64GB, 5.8", Blue', 'price': 245.55, 'description': 'An ultra-slim smartphone with an impressive camera and long battery life.', 'stock': 91, 'storage': '64GB', 'color': 'Blue', 'brand': 'Generic', 'model': 'Smartphone', 'rating': 3.8, 'dimensions': '145.0 x 67.7 x 8.4 mm', 'os': 'Android 12', 'processor': 'Snapdragon 480', 'ram': '4GB', 'category': 'Mobile Devices > Smartphones', 'tags': 'Generic, Smartphone, Blue, 64GB, budget, fast charging', 'availability': 'In Stock', 'warranty': '2 Year Limited Warranty'}, {'id': '6004', 'title': 'SmartCom Quantum - 64GB, 5.8", Red', 'price': 245.55, 'description': 'An ultra-slim smartphone with an impressive camera and long battery life.', 'stock': 91, 'storage': '64GB', 'color': 'Red', 'brand': 'Generic', 'model': 'Smartphone', 'rating': 3.3, 'dimensions': '145.0 x 67.7 x 8.4 mm', 'os': 'Android 12', 'processor': 'Exynos 850', 'ram': '6GB', 'category': 'Electronics > Smartphones > Android Phones', 'tags': 'Generic, Smartphone, Red, 64GB, budget, fast charging', 'availability': 'In Stock', 'warranty': '1 Year Limited Warranty'}, {'id': '6005', 'title': 'SmartCom Quantum - 64GB, 5.8", Green', 'price': 245.55, 'description': 'An ultra-slim smartphone with an impressive camera and long battery life.', 'stock': 91, 'storage': '64GB', 'color': 'Green', 'brand': 'Generic', 'model': 'Smartphone', 'rating': 3.5, 'dimensions': '145.0 x 67.7 x 8.4 mm', 'os': 'Android 12', 'processor': 'Exynos 850', 'ram': '6GB', 'category': 'Electronics > Mobile Phones > Smartphones', 'tags': 'Generic, Smartphone, Green, 64GB, budget, fast charging', 'availability': 'In Stock', 'warranty': '2 Year Limited Warranty'}]
2025-03-14 09:12:03,623 - DEBUG - close.started
2025-03-14 09:12:03,623 - DEBUG - close.complete
2025-03-14 09:27:17,024 - DEBUG - Detected product type: phones
2025-03-14 09:27:17,024 - DEBUG - Detected max price: $400
2025-03-14 09:27:17,024 - DEBUG - Using product type as query: phones
2025-03-14 09:27:17,025 - DEBUG - Extracted search parameters: {'query': 'phones', 'size': 5, 'page': 1, 'filters': {'max_price': 400}}
2025-03-14 09:27:17,025 - DEBUG - Extracted search parameters: {'query': 'phones', 'size': 5, 'page': 1, 'filters': {'max_price': 400}}
2025-03-14 09:27:17,027 - DEBUG - load_ssl_context verify=True cert=None trust_env=True http2=False
2025-03-14 09:27:17,028 - DEBUG - load_verify_locations cafile='/Users/kevin/github/chat_in_a_box/.venv/lib/python3.11/site-packages/certifi/cacert.pem'
2025-03-14 09:27:17,033 - DEBUG - connect_tcp.started host='localhost' port=3000 local_address=None timeout=10.0 socket_options=None
2025-03-14 09:27:17,034 - DEBUG - connect_tcp.complete return_value=<httpcore._backends.anyio.AnyIOStream object at 0x110926d50>
2025-03-14 09:27:17,034 - DEBUG - send_request_headers.started request=<Request [b'POST']>
2025-03-14 09:27:17,034 - DEBUG - send_request_headers.complete
2025-03-14 09:27:17,034 - DEBUG - send_request_body.started request=<Request [b'POST']>
2025-03-14 09:27:17,034 - DEBUG - send_request_body.complete
2025-03-14 09:27:17,034 - DEBUG - receive_response_headers.started request=<Request [b'POST']>
2025-03-14 09:27:17,163 - DEBUG - receive_response_headers.complete return_value=(b'HTTP/1.1', 200, b'OK', [(b'vary', b'RSC, Next-Router-State-Tree, Next-Router-Prefetch, Next-Router-Segment-Prefetch'), (b'content-type', b'application/json'), (b'Date', b'Fri, 14 Mar 2025 13:27:17 GMT'), (b'Connection', b'keep-alive'), (b'Keep-Alive', b'timeout=5'), (b'Transfer-Encoding', b'chunked')])
2025-03-14 09:27:17,163 - INFO - HTTP Request: POST http://localhost:3000/api/products "HTTP/1.1 200 OK"
2025-03-14 09:27:17,163 - DEBUG - receive_response_body.started request=<Request [b'POST']>
2025-03-14 09:27:17,163 - DEBUG - receive_response_body.complete
2025-03-14 09:27:17,163 - DEBUG - response_closed.started
2025-03-14 09:27:17,163 - DEBUG - response_closed.complete
2025-03-14 09:27:17,163 - DEBUG - API response data structure: {
  "data": {
    "products": [
      {
        "id": "6001",
        "skuId": "6001",
        "baseId": "31",
        "title": "SmartCom Quantum - 64GB, 5.8\", Black",
        "price": 245.55,
        "description": "An ultra-slim smartphone with an impressive camera and long battery life.",
        "stock": 91,
        "releaseYear": 2020,
        "storage": "64GB",
        "screenSize": 5.8,
        "color": "Black",
        "brand": "Generic",
        "model": "Smartphone",
        "rating": 3.3,
        "reviewCount": 110,
        "cameraMP": "16MP main, 10MP front",
        "batteryMah": 3200,
        "weightG": 162,
        "dimensions": "145.0 x 67.7 x 8.4 mm",
        "os": "Android 11",
        "processor": "MediaTek Helio P35",
        "ram": "6GB",
        "waterResistant": "No",
        "wirelessCharging": "No",
        "fastCharging": "No",
        "fiveGCompatible": "No",
        "category": "Electronics > Mobile Phones > Smartphones",
        "tags": "Generic, Smartphone, Black, 64GB, budget",
        "discountPercentage": 19.8,
        "originalPrice": 306.17,
        "shippingWeight": "215g",
        "availability": "In Stock",
        "warranty": "2 Year Limited Warranty"
      },
      {
        "id": "6002",
        "skuId": "6002",
        "baseId": "31",
        "title": "SmartCom Quantum - 64GB, 5.8\", White",
        "price": 245.55,
        "description": "An ultra-slim smartphone with an impressive camera and long battery life.",
        "stock": 91,
        "releaseYear": 2020,
        "storage": "64GB",
        "screenSize": 5.8,
        "color": "White",
        "brand": "Generic",
        "model": "Smartphone",
        "rating": 3.4,
        "reviewCount": 81,
        "cameraMP": "16MP main, 10MP front",
        "batteryMah": 3200,
        "weightG": 163,
        "dimensions": "145.0 x 67.7 x 8.4 mm",
        "os": "Android 11",
        "processor": "Exynos 850",
        "ram": "4GB",
        "waterResistant": "No",
        "wirelessCharging": "No",
        "fastCharging": "No",
        "fiveGCompatible": "No",
        "category": "Electronics > Mobile Phones > Smartphones",
        "tags": "Generic, Smartphone, White, 64GB, budget",
        "discountPercentage": 18.4,
        "originalPrice": 300.92,
        "shippingWeight": "240g",
        "availability": "In Stock",
        "warranty": "2 Year Limited Warranty"
      },
      {
        "id": "6003",
        "skuId": "6003",
        "baseId": "31",
        "title": "SmartCom Quantum - 64GB, 5.8\", Blue",
        "price": 245.55,
        "description": "An ultra-slim smartphone with an impressive camera and long battery life.",
        "stock": 91,
        "releaseYear": 2020,
        "storage": "64GB",
        "screenSize": 5.8,
        "color": "Blue",
        "brand": "Generic",
        "model": "Smartphone",
        "rating": 3.8,
        "reviewCount": 161,
        "cameraMP": "12MP main, 10MP front",
        "batteryMah": 3000,
        "weightG": 158,
        "dimensions": "145.0 x 67.7 x 8.4 mm",
        "os": "Android 12",
        "processor": "Snapdragon 480",
        "ram": "4GB",
        "waterResistant": "No",
        "wirelessCharging": "No",
        "fastCharging": "Yes",
        "fiveGCompatible": "No",
        "category": "Mobile Devices > Smartphones",
        "tags": "Generic, Smartphone, Blue, 64GB, budget, fast charging",
        "discountPercentage": 0,
        "originalPrice": 245.55,
        "shippingWeight": "281g",
        "availability": "In Stock",
        "warranty": "2 Year Limited Warranty"
      },
      {
        "id": "6004",
        "skuId": "6004",
        "baseId": "31",
        "title": "SmartCom Quantum - 64GB, 5.8\", Red",
        "price": 245.55,
        "description": "An ultra-slim smartphone with an impressive camera and long battery life.",
        "stock": 91,
        "releaseYear": 2020,
        "storage": "64GB",
        "screenSize": 5.8,
        "color": "Red",
        "brand": "Generic",
        "model": "Smartphone",
        "rating": 3.3,
        "reviewCount": 109,
        "cameraMP": "20MP main, 10MP front",
        "batteryMah": 3200,
        "weightG": 156,
        "dimensions": "145.0 x 67.7 x 8.4 mm",
        "os": "Android 12",
        "processor": "Exynos 850",
        "ram": "6GB",
        "waterResistant": "No",
        "wirelessCharging": "No",
        "fastCharging": "Yes",
        "fiveGCompatible": "No",
        "category": "Electronics > Smartphones > Android Phones",
        "tags": "Generic, Smartphone, Red, 64GB, budget, fast charging",
        "discountPercentage": 0,
        "originalPrice": 245.55,
        "shippingWeight": "258g",
        "availability": "In Stock",
        "warranty": "1 Year Limited Warranty"
      },
      {
        "id": "6005",
        "skuId": "6005",
        "baseId": "31",
        "title": "SmartCom Quantum - 64GB, 5.8\", Green",
        "price": 245.55,
        "description": "An ultra-slim smartphone with an impressive camera and long battery life.",
        "stock": 91,
        "releaseYear": 2020,
        "storage": "64GB",
        "screenSize": 5.8,
        "color": "Green",
        "brand": "Generic",
        "model": "Smartphone",
        "rating": 3.5,
        "reviewCount": 37,
        "cameraMP": "12MP main, 10MP front",
        "batteryMah": 3500,
        "weightG": 171,
        "dimensions": "145.0 x 67.7 x 8.4 mm",
        "os": "Android 12",
        "processor": "Exynos 850",
        "ram": "6GB",
        "waterResistant": "No",
        "wirelessCharging": "No",
        "fastCharging": "Yes",
        "fiveGCompatible": "No",
        "category": "Electronics > Mobile Phones > Smartphones",
        "tags": "Generic, Smartphone, Green, 64GB, budget, fast charging",
        "discountPercentage": 21.2,
        "originalPrice": 311.61,
        "shippingWeight": "279g",
        "availability": "In Stock",
        "warranty": "2 Year Limited Warranty"
      }
    ],
    "total": 10000
  },
  "success": true
}
2025-03-14 09:27:17,163 - DEBUG - Found 5 products out of 10000 total
2025-03-14 09:27:17,163 - DEBUG - Products found: [{'id': '6001', 'title': 'SmartCom Quantum - 64GB, 5.8", Black', 'price': 245.55, 'description': 'An ultra-slim smartphone with an impressive camera and long battery life.', 'stock': 91, 'storage': '64GB', 'color': 'Black', 'brand': 'Generic', 'model': 'Smartphone', 'rating': 3.3, 'dimensions': '145.0 x 67.7 x 8.4 mm', 'os': 'Android 11', 'processor': 'MediaTek Helio P35', 'ram': '6GB', 'category': 'Electronics > Mobile Phones > Smartphones', 'tags': 'Generic, Smartphone, Black, 64GB, budget', 'availability': 'In Stock', 'warranty': '2 Year Limited Warranty'}, {'id': '6002', 'title': 'SmartCom Quantum - 64GB, 5.8", White', 'price': 245.55, 'description': 'An ultra-slim smartphone with an impressive camera and long battery life.', 'stock': 91, 'storage': '64GB', 'color': 'White', 'brand': 'Generic', 'model': 'Smartphone', 'rating': 3.4, 'dimensions': '145.0 x 67.7 x 8.4 mm', 'os': 'Android 11', 'processor': 'Exynos 850', 'ram': '4GB', 'category': 'Electronics > Mobile Phones > Smartphones', 'tags': 'Generic, Smartphone, White, 64GB, budget', 'availability': 'In Stock', 'warranty': '2 Year Limited Warranty'}, {'id': '6003', 'title': 'SmartCom Quantum - 64GB, 5.8", Blue', 'price': 245.55, 'description': 'An ultra-slim smartphone with an impressive camera and long battery life.', 'stock': 91, 'storage': '64GB', 'color': 'Blue', 'brand': 'Generic', 'model': 'Smartphone', 'rating': 3.8, 'dimensions': '145.0 x 67.7 x 8.4 mm', 'os': 'Android 12', 'processor': 'Snapdragon 480', 'ram': '4GB', 'category': 'Mobile Devices > Smartphones', 'tags': 'Generic, Smartphone, Blue, 64GB, budget, fast charging', 'availability': 'In Stock', 'warranty': '2 Year Limited Warranty'}, {'id': '6004', 'title': 'SmartCom Quantum - 64GB, 5.8", Red', 'price': 245.55, 'description': 'An ultra-slim smartphone with an impressive camera and long battery life.', 'stock': 91, 'storage': '64GB', 'color': 'Red', 'brand': 'Generic', 'model': 'Smartphone', 'rating': 3.3, 'dimensions': '145.0 x 67.7 x 8.4 mm', 'os': 'Android 12', 'processor': 'Exynos 850', 'ram': '6GB', 'category': 'Electronics > Smartphones > Android Phones', 'tags': 'Generic, Smartphone, Red, 64GB, budget, fast charging', 'availability': 'In Stock', 'warranty': '1 Year Limited Warranty'}, {'id': '6005', 'title': 'SmartCom Quantum - 64GB, 5.8", Green', 'price': 245.55, 'description': 'An ultra-slim smartphone with an impressive camera and long battery life.', 'stock': 91, 'storage': '64GB', 'color': 'Green', 'brand': 'Generic', 'model': 'Smartphone', 'rating': 3.5, 'dimensions': '145.0 x 67.7 x 8.4 mm', 'os': 'Android 12', 'processor': 'Exynos 850', 'ram': '6GB', 'category': 'Electronics > Mobile Phones > Smartphones', 'tags': 'Generic, Smartphone, Green, 64GB, budget, fast charging', 'availability': 'In Stock', 'warranty': '2 Year Limited Warranty'}]
2025-03-14 09:27:17,164 - DEBUG - close.started
2025-03-14 09:27:17,164 - DEBUG - close.complete
2025-03-14 09:28:42,872 - DEBUG - Detected product type: phones
2025-03-14 09:28:42,872 - DEBUG - Detected max price: $400
2025-03-14 09:28:42,872 - DEBUG - Using product type as query: phones
2025-03-14 09:28:42,872 - DEBUG - Extracted search parameters: {'query': 'phones', 'size': 5, 'page': 1, 'filters': {'max_price': 400}}
2025-03-14 09:28:42,872 - DEBUG - Extracted search parameters: {'query': 'phones', 'size': 5, 'page': 1, 'filters': {'max_price': 400}}
2025-03-14 09:28:42,875 - DEBUG - load_ssl_context verify=True cert=None trust_env=True http2=False
2025-03-14 09:28:42,875 - DEBUG - load_verify_locations cafile='/Users/kevin/github/chat_in_a_box/.venv/lib/python3.11/site-packages/certifi/cacert.pem'
2025-03-14 09:28:42,880 - DEBUG - connect_tcp.started host='localhost' port=3000 local_address=None timeout=10.0 socket_options=None
2025-03-14 09:28:42,881 - DEBUG - connect_tcp.complete return_value=<httpcore._backends.anyio.AnyIOStream object at 0x11afa5fd0>
2025-03-14 09:28:42,882 - DEBUG - send_request_headers.started request=<Request [b'POST']>
2025-03-14 09:28:42,882 - DEBUG - send_request_headers.complete
2025-03-14 09:28:42,882 - DEBUG - send_request_body.started request=<Request [b'POST']>
2025-03-14 09:28:42,882 - DEBUG - send_request_body.complete
2025-03-14 09:28:42,882 - DEBUG - receive_response_headers.started request=<Request [b'POST']>
2025-03-14 09:28:43,012 - DEBUG - receive_response_headers.complete return_value=(b'HTTP/1.1', 200, b'OK', [(b'vary', b'RSC, Next-Router-State-Tree, Next-Router-Prefetch, Next-Router-Segment-Prefetch'), (b'content-type', b'application/json'), (b'Date', b'Fri, 14 Mar 2025 13:28:43 GMT'), (b'Connection', b'keep-alive'), (b'Keep-Alive', b'timeout=5'), (b'Transfer-Encoding', b'chunked')])
2025-03-14 09:28:43,012 - INFO - HTTP Request: POST http://localhost:3000/api/products "HTTP/1.1 200 OK"
2025-03-14 09:28:43,012 - DEBUG - receive_response_body.started request=<Request [b'POST']>
2025-03-14 09:28:43,012 - DEBUG - receive_response_body.complete
2025-03-14 09:28:43,012 - DEBUG - response_closed.started
2025-03-14 09:28:43,012 - DEBUG - response_closed.complete
2025-03-14 09:28:43,013 - DEBUG - API response data structure: {
  "data": {
    "products": [
      {
        "id": "6001",
        "skuId": "6001",
        "baseId": "31",
        "title": "SmartCom Quantum - 64GB, 5.8\", Black",
        "price": 245.55,
        "description": "An ultra-slim smartphone with an impressive camera and long battery life.",
        "stock": 91,
        "releaseYear": 2020,
        "storage": "64GB",
        "screenSize": 5.8,
        "color": "Black",
        "brand": "Generic",
        "model": "Smartphone",
        "rating": 3.3,
        "reviewCount": 110,
        "cameraMP": "16MP main, 10MP front",
        "batteryMah": 3200,
        "weightG": 162,
        "dimensions": "145.0 x 67.7 x 8.4 mm",
        "os": "Android 11",
        "processor": "MediaTek Helio P35",
        "ram": "6GB",
        "waterResistant": "No",
        "wirelessCharging": "No",
        "fastCharging": "No",
        "fiveGCompatible": "No",
        "category": "Electronics > Mobile Phones > Smartphones",
        "tags": "Generic, Smartphone, Black, 64GB, budget",
        "discountPercentage": 19.8,
        "originalPrice": 306.17,
        "shippingWeight": "215g",
        "availability": "In Stock",
        "warranty": "2 Year Limited Warranty"
      },
      {
        "id": "6002",
        "skuId": "6002",
        "baseId": "31",
        "title": "SmartCom Quantum - 64GB, 5.8\", White",
        "price": 245.55,
        "description": "An ultra-slim smartphone with an impressive camera and long battery life.",
        "stock": 91,
        "releaseYear": 2020,
        "storage": "64GB",
        "screenSize": 5.8,
        "color": "White",
        "brand": "Generic",
        "model": "Smartphone",
        "rating": 3.4,
        "reviewCount": 81,
        "cameraMP": "16MP main, 10MP front",
        "batteryMah": 3200,
        "weightG": 163,
        "dimensions": "145.0 x 67.7 x 8.4 mm",
        "os": "Android 11",
        "processor": "Exynos 850",
        "ram": "4GB",
        "waterResistant": "No",
        "wirelessCharging": "No",
        "fastCharging": "No",
        "fiveGCompatible": "No",
        "category": "Electronics > Mobile Phones > Smartphones",
        "tags": "Generic, Smartphone, White, 64GB, budget",
        "discountPercentage": 18.4,
        "originalPrice": 300.92,
        "shippingWeight": "240g",
        "availability": "In Stock",
        "warranty": "2 Year Limited Warranty"
      },
      {
        "id": "6003",
        "skuId": "6003",
        "baseId": "31",
        "title": "SmartCom Quantum - 64GB, 5.8\", Blue",
        "price": 245.55,
        "description": "An ultra-slim smartphone with an impressive camera and long battery life.",
        "stock": 91,
        "releaseYear": 2020,
        "storage": "64GB",
        "screenSize": 5.8,
        "color": "Blue",
        "brand": "Generic",
        "model": "Smartphone",
        "rating": 3.8,
        "reviewCount": 161,
        "cameraMP": "12MP main, 10MP front",
        "batteryMah": 3000,
        "weightG": 158,
        "dimensions": "145.0 x 67.7 x 8.4 mm",
        "os": "Android 12",
        "processor": "Snapdragon 480",
        "ram": "4GB",
        "waterResistant": "No",
        "wirelessCharging": "No",
        "fastCharging": "Yes",
        "fiveGCompatible": "No",
        "category": "Mobile Devices > Smartphones",
        "tags": "Generic, Smartphone, Blue, 64GB, budget, fast charging",
        "discountPercentage": 0,
        "originalPrice": 245.55,
        "shippingWeight": "281g",
        "availability": "In Stock",
        "warranty": "2 Year Limited Warranty"
      },
      {
        "id": "6004",
        "skuId": "6004",
        "baseId": "31",
        "title": "SmartCom Quantum - 64GB, 5.8\", Red",
        "price": 245.55,
        "description": "An ultra-slim smartphone with an impressive camera and long battery life.",
        "stock": 91,
        "releaseYear": 2020,
        "storage": "64GB",
        "screenSize": 5.8,
        "color": "Red",
        "brand": "Generic",
        "model": "Smartphone",
        "rating": 3.3,
        "reviewCount": 109,
        "cameraMP": "20MP main, 10MP front",
        "batteryMah": 3200,
        "weightG": 156,
        "dimensions": "145.0 x 67.7 x 8.4 mm",
        "os": "Android 12",
        "processor": "Exynos 850",
        "ram": "6GB",
        "waterResistant": "No",
        "wirelessCharging": "No",
        "fastCharging": "Yes",
        "fiveGCompatible": "No",
        "category": "Electronics > Smartphones > Android Phones",
        "tags": "Generic, Smartphone, Red, 64GB, budget, fast charging",
        "discountPercentage": 0,
        "originalPrice": 245.55,
        "shippingWeight": "258g",
        "availability": "In Stock",
        "warranty": "1 Year Limited Warranty"
      },
      {
        "id": "6005",
        "skuId": "6005",
        "baseId": "31",
        "title": "SmartCom Quantum - 64GB, 5.8\", Green",
        "price": 245.55,
        "description": "An ultra-slim smartphone with an impressive camera and long battery life.",
        "stock": 91,
        "releaseYear": 2020,
        "storage": "64GB",
        "screenSize": 5.8,
        "color": "Green",
        "brand": "Generic",
        "model": "Smartphone",
        "rating": 3.5,
        "reviewCount": 37,
        "cameraMP": "12MP main, 10MP front",
        "batteryMah": 3500,
        "weightG": 171,
        "dimensions": "145.0 x 67.7 x 8.4 mm",
        "os": "Android 12",
        "processor": "Exynos 850",
        "ram": "6GB",
        "waterResistant": "No",
        "wirelessCharging": "No",
        "fastCharging": "Yes",
        "fiveGCompatible": "No",
        "category": "Electronics > Mobile Phones > Smartphones",
        "tags": "Generic, Smartphone, Green, 64GB, budget, fast charging",
        "discountPercentage": 21.2,
        "originalPrice": 311.61,
        "shippingWeight": "279g",
        "availability": "In Stock",
        "warranty": "2 Year Limited Warranty"
      }
    ],
    "total": 10000
  },
  "success": true
}
2025-03-14 09:28:43,013 - DEBUG - Found 5 products out of 10000 total
2025-03-14 09:28:43,013 - DEBUG - Products found: [{'id': '6001', 'title': 'SmartCom Quantum - 64GB, 5.8", Black', 'price': 245.55, 'description': 'An ultra-slim smartphone with an impressive camera and long battery life.', 'stock': 91, 'storage': '64GB', 'color': 'Black', 'brand': 'Generic', 'model': 'Smartphone', 'rating': 3.3, 'dimensions': '145.0 x 67.7 x 8.4 mm', 'os': 'Android 11', 'processor': 'MediaTek Helio P35', 'ram': '6GB', 'category': 'Electronics > Mobile Phones > Smartphones', 'tags': 'Generic, Smartphone, Black, 64GB, budget', 'availability': 'In Stock', 'warranty': '2 Year Limited Warranty'}, {'id': '6002', 'title': 'SmartCom Quantum - 64GB, 5.8", White', 'price': 245.55, 'description': 'An ultra-slim smartphone with an impressive camera and long battery life.', 'stock': 91, 'storage': '64GB', 'color': 'White', 'brand': 'Generic', 'model': 'Smartphone', 'rating': 3.4, 'dimensions': '145.0 x 67.7 x 8.4 mm', 'os': 'Android 11', 'processor': 'Exynos 850', 'ram': '4GB', 'category': 'Electronics > Mobile Phones > Smartphones', 'tags': 'Generic, Smartphone, White, 64GB, budget', 'availability': 'In Stock', 'warranty': '2 Year Limited Warranty'}, {'id': '6003', 'title': 'SmartCom Quantum - 64GB, 5.8", Blue', 'price': 245.55, 'description': 'An ultra-slim smartphone with an impressive camera and long battery life.', 'stock': 91, 'storage': '64GB', 'color': 'Blue', 'brand': 'Generic', 'model': 'Smartphone', 'rating': 3.8, 'dimensions': '145.0 x 67.7 x 8.4 mm', 'os': 'Android 12', 'processor': 'Snapdragon 480', 'ram': '4GB', 'category': 'Mobile Devices > Smartphones', 'tags': 'Generic, Smartphone, Blue, 64GB, budget, fast charging', 'availability': 'In Stock', 'warranty': '2 Year Limited Warranty'}, {'id': '6004', 'title': 'SmartCom Quantum - 64GB, 5.8", Red', 'price': 245.55, 'description': 'An ultra-slim smartphone with an impressive camera and long battery life.', 'stock': 91, 'storage': '64GB', 'color': 'Red', 'brand': 'Generic', 'model': 'Smartphone', 'rating': 3.3, 'dimensions': '145.0 x 67.7 x 8.4 mm', 'os': 'Android 12', 'processor': 'Exynos 850', 'ram': '6GB', 'category': 'Electronics > Smartphones > Android Phones', 'tags': 'Generic, Smartphone, Red, 64GB, budget, fast charging', 'availability': 'In Stock', 'warranty': '1 Year Limited Warranty'}, {'id': '6005', 'title': 'SmartCom Quantum - 64GB, 5.8", Green', 'price': 245.55, 'description': 'An ultra-slim smartphone with an impressive camera and long battery life.', 'stock': 91, 'storage': '64GB', 'color': 'Green', 'brand': 'Generic', 'model': 'Smartphone', 'rating': 3.5, 'dimensions': '145.0 x 67.7 x 8.4 mm', 'os': 'Android 12', 'processor': 'Exynos 850', 'ram': '6GB', 'category': 'Electronics > Mobile Phones > Smartphones', 'tags': 'Generic, Smartphone, Green, 64GB, budget, fast charging', 'availability': 'In Stock', 'warranty': '2 Year Limited Warranty'}]
2025-03-14 09:28:43,013 - DEBUG - close.started
2025-03-14 09:28:43,013 - DEBUG - close.complete
